<?xml version="1.0" encoding="UTF-8"?>
<testsuite name="SearchTests" tests="1" skipped="0" failures="0" errors="0" timestamp="2026-06-17T09:17:44.486Z" hostname="pc-00007751-1" time="0.934">
  <properties/>
  <testcase name="successfulSearchTest" classname="SearchTests" time="0.926"/>
  <system-out><![CDATA[]]></system-out>
  <system-err><![CDATA[июн. 17, 2026 12:17:45 PM org.openqa.selenium.devtools.CdpVersionFinder findNearestMatch
WARNING: Unable to find CDP implementation matching 148
июн. 17, 2026 12:17:45 PM org.openqa.selenium.chromium.ChromiumDriver lambda$new$5
WARNING: Unable to find version of CDP to use for 148.0.7778.96. You may need to include a dependency on a specific version of the CDP using something similar to `org.seleniumhq.selenium:selenium-devtools-v86:4.18.1` where the version ("v86") matches the version of the chromium-based browser you're using and the version number of the artifact is the same as Selenium's.
]]></system-err>
</testsuite>
